#! /usr/local/bin/vvp
:ivl_version "13.0 (devel)" "(s20251012-38-g1b1def7f7)";
:ivl_delay_selection "TYPICAL";
:vpi_time_precision + 0;
:vpi_module "/usr/local/lib/ivl/system.vpi";
:vpi_module "/usr/local/lib/ivl/vhdl_sys.vpi";
:vpi_module "/usr/local/lib/ivl/vhdl_textio.vpi";
:vpi_module "/usr/local/lib/ivl/v2005_math.vpi";
:vpi_module "/usr/local/lib/ivl/va_math.vpi";
S_0x59b227b5b8a0 .scope module, "DUT" "DUT" 2 1;
 .timescale 0 0;
v0x59b227b88590_0 .var "a", 3 0;
v0x59b227b88670_0 .var "b", 3 0;
v0x59b227b88710_0 .net "carry", 0 0, L_0x59b227b8a770;  1 drivers
v0x59b227b88800_0 .var "cin", 0 0;
v0x59b227b888f0_0 .var/i "i", 31 0;
v0x59b227b889e0_0 .net "out", 3 0, L_0x59b227b8ab30;  1 drivers
S_0x59b227b59d90 .scope module, "adder_tb" "adder_4bit" 2 7, 3 7 0, S_0x59b227b5b8a0;
 .timescale 0 0;
    .port_info 0 /INPUT 4 "a";
    .port_info 1 /INPUT 4 "b";
    .port_info 2 /INPUT 1 "cin";
    .port_info 3 /OUTPUT 4 "out";
    .port_info 4 /OUTPUT 1 "carry";
v0x59b227b87f40_0 .net "a", 3 0, v0x59b227b88590_0;  1 drivers
v0x59b227b88040_0 .net "b", 3 0, v0x59b227b88670_0;  1 drivers
v0x59b227b88120_0 .net "carry", 0 0, L_0x59b227b8a770;  alias, 1 drivers
v0x59b227b881f0_0 .net "cin", 0 0, v0x59b227b88800_0;  1 drivers
v0x59b227b882c0 .array "mid_carry", 0 2;
v0x59b227b882c0_0 .net v0x59b227b882c0 0, 0 0, L_0x59b227b88f00; 1 drivers
v0x59b227b882c0_1 .net v0x59b227b882c0 1, 0 0, L_0x59b227b89750; 1 drivers
v0x59b227b882c0_2 .net v0x59b227b882c0 2, 0 0, L_0x59b227b89f30; 1 drivers
v0x59b227b88450_0 .net "out", 3 0, L_0x59b227b8ab30;  alias, 1 drivers
L_0x59b227b89010 .part v0x59b227b88590_0, 0, 1;
L_0x59b227b89140 .part v0x59b227b88670_0, 0, 1;
L_0x59b227b89860 .part v0x59b227b88590_0, 1, 1;
L_0x59b227b89990 .part v0x59b227b88670_0, 1, 1;
L_0x59b227b8a040 .part v0x59b227b88590_0, 2, 1;
L_0x59b227b8a200 .part v0x59b227b88670_0, 2, 1;
L_0x59b227b8a880 .part v0x59b227b88590_0, 3, 1;
L_0x59b227b8a9b0 .part v0x59b227b88670_0, 3, 1;
L_0x59b227b8ab30 .concat8 [ 1 1 1 1], L_0x59b227b5c6e0, L_0x59b227b892e0, L_0x59b227b89b60, L_0x59b227b8a470;
S_0x59b227b58280 .scope module, "add1" "fulladder" 3 12, 3 18 0, S_0x59b227b59d90;
 .timescale 0 0;
    .port_info 0 /INPUT 1 "a";
    .port_info 1 /INPUT 1 "b";
    .port_info 2 /INPUT 1 "cin";
    .port_info 3 /OUTPUT 1 "out";
    .port_info 4 /OUTPUT 1 "cout";
L_0x59b227b5c670 .functor XOR 1, L_0x59b227b89010, L_0x59b227b89140, C4<0>, C4<0>;
L_0x59b227b5c6e0 .functor XOR 1, L_0x59b227b5c670, v0x59b227b88800_0, C4<0>, C4<0>;
L_0x59b227b88b20 .functor AND 1, L_0x59b227b89010, L_0x59b227b89140, C4<1>, C4<1>;
L_0x59b227b88c30 .functor AND 1, L_0x59b227b89140, v0x59b227b88800_0, C4<1>, C4<1>;
L_0x59b227b88d60 .functor AND 1, v0x59b227b88800_0, L_0x59b227b89010, C4<1>, C4<1>;
L_0x59b227b88dd0 .functor OR 1, L_0x59b227b88b20, L_0x59b227b88c30, C4<0>, C4<0>;
L_0x59b227b88f00 .functor OR 1, L_0x59b227b88d60, L_0x59b227b88dd0, C4<0>, C4<0>;
v0x59b227b5ba50_0 .net "a", 0 0, L_0x59b227b89010;  1 drivers
v0x59b227b59f40_0 .net "b", 0 0, L_0x59b227b89140;  1 drivers
v0x59b227b58430_0 .net "cin", 0 0, v0x59b227b88800_0;  alias, 1 drivers
v0x59b227b568f0_0 .net "cout", 0 0, L_0x59b227b88f00;  alias, 1 drivers
v0x59b227b85800_0 .net "out", 0 0, L_0x59b227b5c6e0;  1 drivers
v0x59b227b85910_0 .net "w1", 0 0, L_0x59b227b5c670;  1 drivers
v0x59b227b859d0_0 .net "w2", 0 0, L_0x59b227b88b20;  1 drivers
v0x59b227b85a90_0 .net "w3", 0 0, L_0x59b227b88c30;  1 drivers
v0x59b227b85b50_0 .net "w4", 0 0, L_0x59b227b88d60;  1 drivers
v0x59b227b85c10_0 .net "w5", 0 0, L_0x59b227b88dd0;  1 drivers
S_0x59b227b85d70 .scope module, "add2" "fulladder" 3 13, 3 18 0, S_0x59b227b59d90;
 .timescale 0 0;
    .port_info 0 /INPUT 1 "a";
    .port_info 1 /INPUT 1 "b";
    .port_info 2 /INPUT 1 "cin";
    .port_info 3 /OUTPUT 1 "out";
    .port_info 4 /OUTPUT 1 "cout";
L_0x59b227b89270 .functor XOR 1, L_0x59b227b89860, L_0x59b227b89990, C4<0>, C4<0>;
L_0x59b227b892e0 .functor XOR 1, L_0x59b227b89270, L_0x59b227b88f00, C4<0>, C4<0>;
L_0x59b227b89430 .functor AND 1, L_0x59b227b89860, L_0x59b227b89990, C4<1>, C4<1>;
L_0x59b227b894f0 .functor AND 1, L_0x59b227b89990, L_0x59b227b88f00, C4<1>, C4<1>;
L_0x59b227b89590 .functor AND 1, L_0x59b227b88f00, L_0x59b227b89860, C4<1>, C4<1>;
L_0x59b227b89600 .functor OR 1, L_0x59b227b89430, L_0x59b227b894f0, C4<0>, C4<0>;
L_0x59b227b89750 .functor OR 1, L_0x59b227b89590, L_0x59b227b89600, C4<0>, C4<0>;
v0x59b227b85fd0_0 .net "a", 0 0, L_0x59b227b89860;  1 drivers
v0x59b227b86090_0 .net "b", 0 0, L_0x59b227b89990;  1 drivers
v0x59b227b86150_0 .net "cin", 0 0, L_0x59b227b88f00;  alias, 1 drivers
v0x59b227b861f0_0 .net "cout", 0 0, L_0x59b227b89750;  alias, 1 drivers
v0x59b227b86290_0 .net "out", 0 0, L_0x59b227b892e0;  1 drivers
v0x59b227b86380_0 .net "w1", 0 0, L_0x59b227b89270;  1 drivers
v0x59b227b86440_0 .net "w2", 0 0, L_0x59b227b89430;  1 drivers
v0x59b227b86500_0 .net "w3", 0 0, L_0x59b227b894f0;  1 drivers
v0x59b227b865c0_0 .net "w4", 0 0, L_0x59b227b89590;  1 drivers
v0x59b227b86710_0 .net "w5", 0 0, L_0x59b227b89600;  1 drivers
S_0x59b227b86870 .scope module, "add3" "fulladder" 3 14, 3 18 0, S_0x59b227b59d90;
 .timescale 0 0;
    .port_info 0 /INPUT 1 "a";
    .port_info 1 /INPUT 1 "b";
    .port_info 2 /INPUT 1 "cin";
    .port_info 3 /OUTPUT 1 "out";
    .port_info 4 /OUTPUT 1 "cout";
L_0x59b227b89af0 .functor XOR 1, L_0x59b227b8a040, L_0x59b227b8a200, C4<0>, C4<0>;
L_0x59b227b89b60 .functor XOR 1, L_0x59b227b89af0, L_0x59b227b89750, C4<0>, C4<0>;
L_0x59b227b89c60 .functor AND 1, L_0x59b227b8a040, L_0x59b227b8a200, C4<1>, C4<1>;
L_0x59b227b89cd0 .functor AND 1, L_0x59b227b8a200, L_0x59b227b89750, C4<1>, C4<1>;
L_0x59b227b89d70 .functor AND 1, L_0x59b227b89750, L_0x59b227b8a040, C4<1>, C4<1>;
L_0x59b227b89de0 .functor OR 1, L_0x59b227b89c60, L_0x59b227b89cd0, C4<0>, C4<0>;
L_0x59b227b89f30 .functor OR 1, L_0x59b227b89d70, L_0x59b227b89de0, C4<0>, C4<0>;
v0x59b227b86ae0_0 .net "a", 0 0, L_0x59b227b8a040;  1 drivers
v0x59b227b86ba0_0 .net "b", 0 0, L_0x59b227b8a200;  1 drivers
v0x59b227b86c60_0 .net "cin", 0 0, L_0x59b227b89750;  alias, 1 drivers
v0x59b227b86d60_0 .net "cout", 0 0, L_0x59b227b89f30;  alias, 1 drivers
v0x59b227b86e00_0 .net "out", 0 0, L_0x59b227b89b60;  1 drivers
v0x59b227b86ef0_0 .net "w1", 0 0, L_0x59b227b89af0;  1 drivers
v0x59b227b86fb0_0 .net "w2", 0 0, L_0x59b227b89c60;  1 drivers
v0x59b227b87070_0 .net "w3", 0 0, L_0x59b227b89cd0;  1 drivers
v0x59b227b87130_0 .net "w4", 0 0, L_0x59b227b89d70;  1 drivers
v0x59b227b87280_0 .net "w5", 0 0, L_0x59b227b89de0;  1 drivers
S_0x59b227b873e0 .scope module, "add4" "fulladder" 3 15, 3 18 0, S_0x59b227b59d90;
 .timescale 0 0;
    .port_info 0 /INPUT 1 "a";
    .port_info 1 /INPUT 1 "b";
    .port_info 2 /INPUT 1 "cin";
    .port_info 3 /OUTPUT 1 "out";
    .port_info 4 /OUTPUT 1 "cout";
L_0x59b227b8a400 .functor XOR 1, L_0x59b227b8a880, L_0x59b227b8a9b0, C4<0>, C4<0>;
L_0x59b227b8a470 .functor XOR 1, L_0x59b227b8a400, L_0x59b227b89f30, C4<0>, C4<0>;
L_0x59b227b8a570 .functor AND 1, L_0x59b227b8a880, L_0x59b227b8a9b0, C4<1>, C4<1>;
L_0x59b227b8a5e0 .functor AND 1, L_0x59b227b8a9b0, L_0x59b227b89f30, C4<1>, C4<1>;
L_0x59b227b8a650 .functor AND 1, L_0x59b227b89f30, L_0x59b227b8a880, C4<1>, C4<1>;
L_0x59b227b8a6c0 .functor OR 1, L_0x59b227b8a570, L_0x59b227b8a5e0, C4<0>, C4<0>;
L_0x59b227b8a770 .functor OR 1, L_0x59b227b8a650, L_0x59b227b8a6c0, C4<0>, C4<0>;
v0x59b227b87620_0 .net "a", 0 0, L_0x59b227b8a880;  1 drivers
v0x59b227b87700_0 .net "b", 0 0, L_0x59b227b8a9b0;  1 drivers
v0x59b227b877c0_0 .net "cin", 0 0, L_0x59b227b89f30;  alias, 1 drivers
v0x59b227b878c0_0 .net "cout", 0 0, L_0x59b227b8a770;  alias, 1 drivers
v0x59b227b87960_0 .net "out", 0 0, L_0x59b227b8a470;  1 drivers
v0x59b227b87a50_0 .net "w1", 0 0, L_0x59b227b8a400;  1 drivers
v0x59b227b87b10_0 .net "w2", 0 0, L_0x59b227b8a570;  1 drivers
v0x59b227b87bd0_0 .net "w3", 0 0, L_0x59b227b8a5e0;  1 drivers
v0x59b227b87c90_0 .net "w4", 0 0, L_0x59b227b8a650;  1 drivers
v0x59b227b87de0_0 .net "w5", 0 0, L_0x59b227b8a6c0;  1 drivers
    .scope S_0x59b227b5b8a0;
T_0 ;
    %vpi_call 2 13 "$dumpfile", "4_bit_adder.vcd" {0 0 0};
    %vpi_call 2 14 "$dumpvars", 32'sb00000000000000000000000000000000, S_0x59b227b5b8a0 {0 0 0};
    %pushi/vec4 0, 0, 4;
    %assign/vec4 v0x59b227b88590_0, 0;
    %pushi/vec4 0, 0, 4;
    %assign/vec4 v0x59b227b88670_0, 0;
    %pushi/vec4 0, 0, 1;
    %assign/vec4 v0x59b227b88800_0, 0;
    %vpi_call 2 19 "$monitor", "a=0x%0h b=0x%0h cin=0x%0h carry=0x%0h out=0x%0h", v0x59b227b88590_0, v0x59b227b88670_0, v0x59b227b88800_0, v0x59b227b88710_0, v0x59b227b889e0_0 {0 0 0};
    %pushi/vec4 0, 0, 32;
    %store/vec4 v0x59b227b888f0_0, 0, 32;
T_0.0 ; Top of for-loop
    %load/vec4 v0x59b227b888f0_0;
    %cmpi/s 10, 0, 32;
	  %jmp/0xz T_0.1, 5;
    %delay 10, 0;
    %vpi_func 2 21 "$random" 32 {0 0 0};
    %pad/s 4;
    %assign/vec4 v0x59b227b88590_0, 0;
    %vpi_func 2 22 "$random" 32 {0 0 0};
    %pad/s 4;
    %assign/vec4 v0x59b227b88670_0, 0;
    %vpi_func 2 23 "$random" 32 {0 0 0};
    %pad/s 1;
    %assign/vec4 v0x59b227b88800_0, 0;
T_0.2 ; for-loop step statement
    ; show_stmt_assign_vector: Get l-value for compressed += operand
    %load/vec4 v0x59b227b888f0_0;
    %pushi/vec4 1, 0, 32;
    %add;
    %store/vec4 v0x59b227b888f0_0, 0, 32;
    %jmp T_0.0;
T_0.1 ; for-loop exit label
    %vpi_call 2 25 "$finish" {0 0 0};
    %end;
    .thread T_0;
# The file index is used to find the file name in the following table.
:file_names 4;
    "N/A";
    "<interactive>";
    "testbench.sv";
    "design.v";
