#! /usr/local/bin/vvp
:ivl_version "13.0 (devel)" "(s20251012-38-g1b1def7f7)";
:ivl_delay_selection "TYPICAL";
:vpi_time_precision + 0;
:vpi_module "/usr/local/lib/ivl/system.vpi";
:vpi_module "/usr/local/lib/ivl/vhdl_sys.vpi";
:vpi_module "/usr/local/lib/ivl/vhdl_textio.vpi";
:vpi_module "/usr/local/lib/ivl/v2005_math.vpi";
:vpi_module "/usr/local/lib/ivl/va_math.vpi";
S_0x5bf654ee30e0 .scope module, "DUT" "DUT" 2 1;
 .timescale 0 0;
v0x5bf654ef87d0_0 .var "clk", 0 0;
v0x5bf654ef8890_0 .net "count", 7 0, v0x5bf654ef82e0_0;  1 drivers
v0x5bf654ef8960_0 .var "data", 7 0;
v0x5bf654ef8a60_0 .var "load", 0 0;
v0x5bf654ef8b30_0 .var "reset", 0 0;
v0x5bf654ef8c20_0 .var "up_down", 0 0;
S_0x5bf654ee3270 .scope module, "counter_tb" "up_down_counter" 2 5, 3 6 0, S_0x5bf654ee30e0;
 .timescale 0 0;
    .port_info 0 /INPUT 1 "up_down";
    .port_info 1 /INPUT 1 "reset";
    .port_info 2 /INPUT 1 "clk";
    .port_info 3 /INPUT 1 "load";
    .port_info 4 /INPUT 8 "data";
    .port_info 5 /OUTPUT 8 "count";
v0x5bf654eced40_0 .net "clk", 0 0, v0x5bf654ef87d0_0;  1 drivers
v0x5bf654ef82e0_0 .var "count", 7 0;
v0x5bf654ef83c0_0 .net "data", 7 0, v0x5bf654ef8960_0;  1 drivers
v0x5bf654ef8480_0 .net "load", 0 0, v0x5bf654ef8a60_0;  1 drivers
v0x5bf654ef8540_0 .net "reset", 0 0, v0x5bf654ef8b30_0;  1 drivers
v0x5bf654ef8650_0 .net "up_down", 0 0, v0x5bf654ef8c20_0;  1 drivers
E_0x5bf654ea77d0 .event posedge, v0x5bf654ef8540_0, v0x5bf654eced40_0;
    .scope S_0x5bf654ee3270;
T_0 ;
    %pushi/vec4 0, 0, 8;
    %assign/vec4 v0x5bf654ef82e0_0, 0;
    %end;
    .thread T_0;
    .scope S_0x5bf654ee3270;
T_1 ;
    %wait E_0x5bf654ea77d0;
    %load/vec4 v0x5bf654ef8540_0;
    %flag_set/vec4 8;
    %jmp/0xz  T_1.0, 8;
    %pushi/vec4 0, 0, 8;
    %assign/vec4 v0x5bf654ef82e0_0, 0;
    %jmp T_1.1;
T_1.0 ;
    %load/vec4 v0x5bf654ef8480_0;
    %flag_set/vec4 8;
    %jmp/0xz  T_1.2, 8;
    %load/vec4 v0x5bf654ef83c0_0;
    %assign/vec4 v0x5bf654ef82e0_0, 0;
    %jmp T_1.3;
T_1.2 ;
    %load/vec4 v0x5bf654ef8650_0;
    %flag_set/vec4 8;
    %jmp/0xz  T_1.4, 8;
    %load/vec4 v0x5bf654ef82e0_0;
    %addi 1, 0, 8;
    %assign/vec4 v0x5bf654ef82e0_0, 0;
    %jmp T_1.5;
T_1.4 ;
    %load/vec4 v0x5bf654ef82e0_0;
    %subi 1, 0, 8;
    %assign/vec4 v0x5bf654ef82e0_0, 0;
T_1.5 ;
T_1.3 ;
T_1.1 ;
    %jmp T_1;
    .thread T_1;
    .scope S_0x5bf654ee30e0;
T_2 ;
    %pushi/vec4 0, 0, 1;
    %assign/vec4 v0x5bf654ef87d0_0, 0;
T_2.0 ;
    %delay 5, 0;
    %load/vec4 v0x5bf654ef87d0_0;
    %nor/r;
    %assign/vec4 v0x5bf654ef87d0_0, 0;
    %jmp T_2.0;
T_2.1 ;
    %end;
    .thread T_2;
    .scope S_0x5bf654ee30e0;
T_3 ;
    %vpi_call 2 12 "$dumpfile", "8-bit-up-down-counter.vcd" {0 0 0};
    %vpi_call 2 13 "$dumpvars", 32'sb00000000000000000000000000000000, S_0x5bf654ee30e0 {0 0 0};
    %vpi_call 2 14 "$monitor", "up_down=0x%0h reset=0x%0h clk=0x%0h load=0x%0h data=0x%0h count=0x%0h", v0x5bf654ef8c20_0, v0x5bf654ef8b30_0, v0x5bf654ef87d0_0, v0x5bf654ef8a60_0, v0x5bf654ef8960_0, v0x5bf654ef8890_0 {0 0 0};
    %pushi/vec4 0, 0, 1;
    %assign/vec4 v0x5bf654ef8c20_0, 0;
    %pushi/vec4 0, 0, 1;
    %assign/vec4 v0x5bf654ef8b30_0, 0;
    %pushi/vec4 0, 0, 1;
    %assign/vec4 v0x5bf654ef8a60_0, 0;
    %delay 20, 0;
    %pushi/vec4 1, 0, 1;
    %assign/vec4 v0x5bf654ef8c20_0, 0;
    %delay 30, 0;
    %pushi/vec4 1, 0, 1;
    %assign/vec4 v0x5bf654ef8b30_0, 0;
    %delay 10, 0;
    %pushi/vec4 0, 0, 1;
    %assign/vec4 v0x5bf654ef8b30_0, 0;
    %pushi/vec4 1, 0, 1;
    %assign/vec4 v0x5bf654ef8a60_0, 0;
    %pushi/vec4 20, 0, 8;
    %assign/vec4 v0x5bf654ef8960_0, 0;
    %delay 10, 0;
    %pushi/vec4 0, 0, 1;
    %assign/vec4 v0x5bf654ef8a60_0, 0;
    %delay 30, 0;
    %pushi/vec4 0, 0, 1;
    %assign/vec4 v0x5bf654ef8c20_0, 0;
    %delay 30, 0;
    %vpi_call 2 33 "$finish" {0 0 0};
    %end;
    .thread T_3;
# The file index is used to find the file name in the following table.
:file_names 4;
    "N/A";
    "<interactive>";
    "testbench.sv";
    "design.v";
